[INFO] 2017-07-02 17:19:20.481435	<src>: ==================================================
[INFO] 2017-07-02 17:19:20.481568	<src>: Report Utils Unit Test
[INFO] 2017-07-02 17:19:20.491565	<reportTeams>: [{'name': '一个队伍', 'status': '已通过', 'id': 1, 'leader': <Member: 1: 一个队伍 <- xs1>, 'member': [<Member: 1: 一个队伍 <- xs2>, <Member: 1: 一个队伍 <- xs3>]}]
[INFO] 2017-07-02 17:19:20.496882	<reportGradeTeams>: [{2: 0, 3: 0}]
[INFO] 2017-07-02 17:19:20.510847	<reportGradeWorkMetas>: [[{2: 0, 3: 0}], [{2: 0, 3: 0}]]
[INFO] 2017-07-02 17:19:20.515900	<meanGradeTeam>: 0.0
[INFO] 2017-07-02 17:19:20.517083	<meanGradeStudent>: 0.0
[INFO] 2017-07-02 17:19:20.523498	<sumGradeTeam>: 0.0
[INFO] 2017-07-02 17:19:20.525389	<statisticsUils>: 未设置个人贡献度
[INFO] 2017-07-02 17:19:20.525470	<sumGradeStudent>: 0
[INFO] 2017-07-02 17:19:20.525514	<src>: ==================================================
[INFO] 2017-07-02 17:19:20.525559	<src>: ==================================================
[INFO] 2017-07-02 17:19:20.525595	<src>: File Utils Unit Test
[INFO] 2017-07-02 17:19:20.526428	<docPreviewUrl>: https://view.officeapps.live.com/op/view.aspx?src=http%3A//uranus.kahsolt.tk/home/kahsolt/Workspace/PycharmProjects/Uranus/resource/resource/handout/%25E8%25B0%25B7%25E6%25AD%258C%25E6%25B5%258F%25E8%25A7%2588%25E5%2599%25A8vpn.doc
[INFO] 2017-07-02 17:19:20.526560	<docPreviewUrl>: https://view.officeapps.live.com/op/view.aspx?src=http%3A//uranus.kahsolt.tk/home/kahsolt/Workspace/PycharmProjects/Uranus/resource/resource/handout/%25E7%258F%25AD%25E5%25A7%2594%25E9%2580%259A%25E8%25AE%25AF%25E5%25BD%2595.xlsx
[ERROR] 2017-07-02 17:19:20.526671	<docPreviewUrl>: resource/handout/1421.jpg不是office文档文件
[INFO] 2017-07-02 17:19:20.526720	<docPreviewUrl>: None
[ERROR] 2017-07-02 17:19:20.526798	<docPreviewUrl>: resource/handout/Cet6.png不是office文档文件
[INFO] 2017-07-02 17:19:20.526842	<docPreviewUrl>: None
[INFO] 2017-07-02 17:19:20.526877	<src>: ==================================================
